./src/
./.husky/
./.husky/pre-commit
./.husky/_/
./.husky/_/.gitignore
./.husky/_/husky.sh
SHA256 Checksum for build-20251107191921.tgz: 26cc9b1f707fca64cd69876f572a9ec909c79421aab41fdf54a5a7eb8fd8b65d
./src/
./.husky/
./.husky/pre-commit
./.husky/_/
./.husky/_/.gitignore
./.husky/_/husky.sh
SHA256 Checksum for build-20251109142258.tgz: 26cc9b1f707fca64cd69876f572a9ec909c79421aab41fdf54a5a7eb8fd8b65d
./src/
./.husky/
./.husky/pre-commit
./.husky/_/
./.husky/_/.gitignore
./.husky/_/husky.sh
SHA256 Checksum for build-20251109142315.tgz: 26cc9b1f707fca64cd69876f572a9ec909c79421aab41fdf54a5a7eb8fd8b65d
./src/
./.husky/
./.husky/pre-commit
./.husky/_/
./.husky/_/.gitignore
./.husky/_/husky.sh
SHA256 Checksum for build-20251109152102.tgz: 26cc9b1f707fca64cd69876f572a9ec909c79421aab41fdf54a5a7eb8fd8b65d
./src/
./.husky/
./.husky/pre-commit
./.husky/_/
./.husky/_/.gitignore
./.husky/_/husky.sh
SHA256 Checksum for build-20251109201441.tgz: 26cc9b1f707fca64cd69876f572a9ec909c79421aab41fdf54a5a7eb8fd8b65d
./src/
./.husky/
./.husky/pre-commit
./.husky/_/
./.husky/_/.gitignore
./.husky/_/husky.sh
SHA256 Checksum for build-20251110152101.tgz: 26cc9b1f707fca64cd69876f572a9ec909c79421aab41fdf54a5a7eb8fd8b65d
./src/
./.husky/
./.husky/pre-commit
./.husky/_/
./.husky/_/.gitignore
./.husky/_/husky.sh
SHA256 Checksum for build-20251111152101.tgz: ce789545e679a6bbcd5ad218f64ed5e830b0b59ddd94cf3ca0001ffbfb9ae69c
./src/
./.husky/
./.husky/pre-commit
./.husky/_/
./.husky/_/.gitignore
./.husky/_/husky.sh
SHA256 Checksum for build-20251112152101.tgz: ce789545e679a6bbcd5ad218f64ed5e830b0b59ddd94cf3ca0001ffbfb9ae69c
./src/
./.husky/
./.husky/pre-commit
./.husky/_/
./.husky/_/.gitignore
./.husky/_/husky.sh
SHA256 Checksum for build-20251113152101.tgz: ce789545e679a6bbcd5ad218f64ed5e830b0b59ddd94cf3ca0001ffbfb9ae69c
./src/
./.husky/
./.husky/pre-commit
./.husky/_/
./.husky/_/.gitignore
./.husky/_/husky.sh
SHA256 Checksum for build-20251114152101.tgz: ce789545e679a6bbcd5ad218f64ed5e830b0b59ddd94cf3ca0001ffbfb9ae69c
./src/
./.husky/
./.husky/pre-commit
./.husky/_/
./.husky/_/.gitignore
./.husky/_/husky.sh
SHA256 Checksum for build-20251118152101.tgz: ce789545e679a6bbcd5ad218f64ed5e830b0b59ddd94cf3ca0001ffbfb9ae69c
./src/
./.husky/
./.husky/pre-commit
./.husky/_/
./.husky/_/.gitignore
./.husky/_/husky.sh
SHA256 Checksum for build-20251119154531.tgz: ce789545e679a6bbcd5ad218f64ed5e830b0b59ddd94cf3ca0001ffbfb9ae69c
