==== Sun Nov  9 08:14:41 PM IST 2025: Starting daily validate & build ====
2025-11-09 20:14:41 - Starting validation
2025-11-09 20:14:41 - src/ directory exists.
2025-11-09 20:14:41 - config.json is valid JSON.
2025-11-09 20:14:41 - All validations passed successfully!
Validation successful.
Creating build artifact: build-20251109201441.tgz
./src/
./.husky/
./.husky/pre-commit
./.husky/_/
./.husky/_/.gitignore
./.husky/_/husky.sh
Checksum for build-20251109201441.tgz: 26cc9b1f707fca64cd69876f572a9ec909c79421aab41fdf54a5a7eb8fd8b65d
Build artifact and checksum generated successfully.
Build completed successfully.
==== Sun Nov  9 08:14:41 PM IST 2025: Job finished ======== Mon Nov 10 03:21:01 PM IST 2025: Starting daily validate & build ====
==== Mon Nov 10 03:21:01 PM IST 2025: Starting daily validate & build ====
2025-11-10 15:21:01 - Starting validation
2025-11-10 15:21:01 - src/ directory exists.
2025-11-10 15:21:01 - config.json is valid JSON.
2025-11-10 15:21:01 - All validations passed successfully!
Validation successful.
Validation successful.
Creating build artifact: build-20251110152101.tgz
./src/
./.husky/
./.husky/pre-commit
./.husky/_/
./.husky/_/.gitignore
./.husky/_/husky.sh
Checksum for build-20251110152101.tgz: 26cc9b1f707fca64cd69876f572a9ec909c79421aab41fdf54a5a7eb8fd8b65d
Build artifact and checksum generated successfully.
Build completed successfully.
Build completed successfully.
==== Mon Nov 10 03:21:01 PM IST 2025: Job finished ====
==== Mon Nov 10 03:21:01 PM IST 2025: Job finished ====

==== Tue Nov 11 03:21:01 PM IST 2025: Starting daily validate & build ====
==== Tue Nov 11 03:21:01 PM IST 2025: Starting daily validate & build ====
2025-11-11 15:21:01 - Starting validation
2025-11-11 15:21:01 - src/ directory exists.
2025-11-11 15:21:01 - config.json is valid JSON.
2025-11-11 15:21:01 - All validations passed successfully!
Validation successful.
Validation successful.
Creating build artifact: build-20251111152101.tgz
./src/
./.husky/
./.husky/pre-commit
./.husky/_/
./.husky/_/.gitignore
./.husky/_/husky.sh
Checksum for build-20251111152101.tgz: ce789545e679a6bbcd5ad218f64ed5e830b0b59ddd94cf3ca0001ffbfb9ae69c
Build artifact and checksum generated successfully.
Build completed successfully.
Build completed successfully.
==== Tue Nov 11 03:21:01 PM IST 2025: Job finished ====
==== Tue Nov 11 03:21:01 PM IST 2025: Job finished ====

==== Wed Nov 12 03:21:01 PM IST 2025: Starting daily validate & build ====
==== Wed Nov 12 03:21:01 PM IST 2025: Starting daily validate & build ====
2025-11-12 15:21:01 - Starting validation
2025-11-12 15:21:01 - src/ directory exists.
2025-11-12 15:21:01 - config.json is valid JSON.
2025-11-12 15:21:01 - All validations passed successfully!
Validation successful.
Validation successful.
Creating build artifact: build-20251112152101.tgz
./src/
./.husky/
./.husky/pre-commit
./.husky/_/
./.husky/_/.gitignore
./.husky/_/husky.sh
Checksum for build-20251112152101.tgz: ce789545e679a6bbcd5ad218f64ed5e830b0b59ddd94cf3ca0001ffbfb9ae69c
Build artifact and checksum generated successfully.
Build completed successfully.
Build completed successfully.
==== Wed Nov 12 03:21:01 PM IST 2025: Job finished ====
==== Wed Nov 12 03:21:01 PM IST 2025: Job finished ====

==== Thu Nov 13 03:21:01 PM IST 2025: Starting daily validate & build ====
==== Thu Nov 13 03:21:01 PM IST 2025: Starting daily validate & build ====
2025-11-13 15:21:01 - Starting validation
2025-11-13 15:21:01 - src/ directory exists.
2025-11-13 15:21:01 - config.json is valid JSON.
2025-11-13 15:21:01 - All validations passed successfully!
Validation successful.
Validation successful.
Creating build artifact: build-20251113152101.tgz
./src/
./.husky/
./.husky/pre-commit
./.husky/_/
./.husky/_/.gitignore
./.husky/_/husky.sh
Checksum for build-20251113152101.tgz: ce789545e679a6bbcd5ad218f64ed5e830b0b59ddd94cf3ca0001ffbfb9ae69c
Build artifact and checksum generated successfully.
Build completed successfully.
Build completed successfully.
==== Thu Nov 13 03:21:01 PM IST 2025: Job finished ====
==== Thu Nov 13 03:21:01 PM IST 2025: Job finished ====

==== Fri Nov 14 03:21:01 PM IST 2025: Starting daily validate & build ====
==== Fri Nov 14 03:21:01 PM IST 2025: Starting daily validate & build ====
2025-11-14 15:21:01 - Starting validation
2025-11-14 15:21:01 - src/ directory exists.
2025-11-14 15:21:01 - config.json is valid JSON.
2025-11-14 15:21:01 - All validations passed successfully!
Validation successful.
Validation successful.
Creating build artifact: build-20251114152101.tgz
./src/
./.husky/
./.husky/pre-commit
./.husky/_/
./.husky/_/.gitignore
./.husky/_/husky.sh
Checksum for build-20251114152101.tgz: ce789545e679a6bbcd5ad218f64ed5e830b0b59ddd94cf3ca0001ffbfb9ae69c
Build artifact and checksum generated successfully.
Build completed successfully.
Build completed successfully.
==== Fri Nov 14 03:21:01 PM IST 2025: Job finished ====
==== Fri Nov 14 03:21:01 PM IST 2025: Job finished ====

==== Tue Nov 18 03:21:01 PM IST 2025: Starting daily validate & build ====
==== Tue Nov 18 03:21:01 PM IST 2025: Starting daily validate & build ====
2025-11-18 15:21:01 - Starting validation
2025-11-18 15:21:01 - src/ directory exists.
2025-11-18 15:21:01 - config.json is valid JSON.
2025-11-18 15:21:01 - All validations passed successfully!
Validation successful.
Validation successful.
Creating build artifact: build-20251118152101.tgz
./src/
./.husky/
./.husky/pre-commit
./.husky/_/
./.husky/_/.gitignore
./.husky/_/husky.sh
Checksum for build-20251118152101.tgz: ce789545e679a6bbcd5ad218f64ed5e830b0b59ddd94cf3ca0001ffbfb9ae69c
Build artifact and checksum generated successfully.
Build completed successfully.
Build completed successfully.
==== Tue Nov 18 03:21:01 PM IST 2025: Job finished ====
==== Tue Nov 18 03:21:01 PM IST 2025: Job finished ====

==== Wed Nov 19 03:45:31 PM IST 2025: Starting daily validate & build ====
==== Wed Nov 19 03:45:31 PM IST 2025: Starting daily validate & build ====
2025-11-19 15:45:31 - Starting validation
2025-11-19 15:45:31 - src/ directory exists.
2025-11-19 15:45:31 - config.json is valid JSON.
2025-11-19 15:45:31 - All validations passed successfully!
Validation successful.
Validation successful.
Creating build artifact: build-20251119154531.tgz
./src/
./.husky/
./.husky/pre-commit
./.husky/_/
./.husky/_/.gitignore
./.husky/_/husky.sh
Checksum for build-20251119154531.tgz: ce789545e679a6bbcd5ad218f64ed5e830b0b59ddd94cf3ca0001ffbfb9ae69c
Build artifact and checksum generated successfully.
Build completed successfully.
Build completed successfully.
==== Wed Nov 19 03:45:31 PM IST 2025: Job finished ====
==== Wed Nov 19 03:45:31 PM IST 2025: Job finished ====

